 
New instance of bashtop version: 0.9.25 Pid: 24924
 
New instance of bashtop version: 0.9.25 Pid: 28595
 
New instance of bashtop version: 0.9.25 Pid: 33458
 
New instance of bashtop version: 0.9.25 Pid: 33554
 
New instance of bashtop version: 0.9.25 Pid: 41944
 
New instance of bashtop version: 0.9.25 Pid: 511328
 
New instance of bashtop version: 0.9.25 Pid: 514572
 
New instance of bashtop version: 0.9.25 Pid: 629071
 
New instance of bashtop version: 0.9.25 Pid: 895362
 
New instance of bashtop version: 0.9.25 Pid: 1160
 
New instance of bashtop version: 0.9.25 Pid: 6979
 
New instance of bashtop version: 0.9.25 Pid: 4296
 
New instance of bashtop version: 0.9.25 Pid: 4830
 
New instance of bashtop version: 0.9.25 Pid: 244213
 
New instance of bashtop version: 0.9.25 Pid: 244248
 
New instance of bashtop version: 0.9.25 Pid: 247474
 
New instance of bashtop version: 0.9.25 Pid: 1586326
 
New instance of bashtop version: 0.9.25 Pid: 713
 
New instance of bashtop version: 0.9.25 Pid: 4102
 
New instance of bashtop version: 0.9.25 Pid: 10156
 
New instance of bashtop version: 0.9.25 Pid: 26822
 
New instance of bashtop version: 0.9.25 Pid: 77928
 
New instance of bashtop version: 0.9.25 Pid: 220236
 
New instance of bashtop version: 0.9.25 Pid: 223237
 
New instance of bashtop version: 0.9.25 Pid: 629
 
New instance of bashtop version: 0.9.25 Pid: 2768
 
New instance of bashtop version: 0.9.25 Pid: 32353
 
New instance of bashtop version: 0.9.25 Pid: 52952
 
New instance of bashtop version: 0.9.25 Pid: 1641
 
New instance of bashtop version: 0.9.25 Pid: 16792
 
New instance of bashtop version: 0.9.25 Pid: 53265
 
New instance of bashtop version: 0.9.25 Pid: 53308
 
New instance of bashtop version: 0.9.25 Pid: 2650
 
New instance of bashtop version: 0.9.25 Pid: 3785
 
New instance of bashtop version: 0.9.25 Pid: 8547
 
New instance of bashtop version: 0.9.25 Pid: 13876
 
New instance of bashtop version: 0.9.25 Pid: 26705
 
New instance of bashtop version: 0.9.25 Pid: 30996
 
New instance of bashtop version: 0.9.25 Pid: 2599
 
New instance of bashtop version: 0.9.25 Pid: 5997
 
New instance of bashtop version: 0.9.25 Pid: 5122
 
New instance of bashtop version: 0.9.25 Pid: 12864
 
New instance of bashtop version: 0.9.25 Pid: 23220
 
New instance of bashtop version: 0.9.25 Pid: 32224
 
New instance of bashtop version: 0.9.25 Pid: 34094
 
New instance of bashtop version: 0.9.25 Pid: 9502
 
New instance of bashtop version: 0.9.25 Pid: 9590
 
New instance of bashtop version: 0.9.25 Pid: 6993
 
New instance of bashtop version: 0.9.25 Pid: 13688
 
New instance of bashtop version: 0.9.25 Pid: 18969
 
New instance of bashtop version: 0.9.25 Pid: 4951
 
New instance of bashtop version: 0.9.25 Pid: 22490
 
New instance of bashtop version: 0.9.25 Pid: 666
 
New instance of bashtop version: 0.9.25 Pid: 3411
 
New instance of bashtop version: 0.9.25 Pid: 9508
 
New instance of bashtop version: 0.9.25 Pid: 11564
 
New instance of bashtop version: 0.9.25 Pid: 14684
 
New instance of bashtop version: 0.9.25 Pid: 15584
 
New instance of bashtop version: 0.9.25 Pid: 18379
 
New instance of bashtop version: 0.9.25 Pid: 4259
 
New instance of bashtop version: 0.9.25 Pid: 55208
 
New instance of bashtop version: 0.9.25 Pid: 58487
 
New instance of bashtop version: 0.9.25 Pid: 13079
 
New instance of bashtop version: 0.9.25 Pid: 18463
 
New instance of bashtop version: 0.9.25 Pid: 15504
 
New instance of bashtop version: 0.9.25 Pid: 6353
error: process ID out of range

Usage:
 ps [options]

 Try 'ps --help <simple|list|output|threads|misc|all>'
  or 'ps --help <s|l|o|t|m|a>'
 for additional help text.

For more details see ps(1).
05:49:31 PM ERROR: On line 2457 
error: process ID out of range

Usage:
 ps [options]

 Try 'ps --help <simple|list|output|threads|misc|all>'
  or 'ps --help <s|l|o|t|m|a>'
 for additional help text.

For more details see ps(1).
05:49:33 PM ERROR: On line 2457 (MUTED!)
 
New instance of bashtop version: 0.9.25 Pid: 38695
 
New instance of bashtop version: 0.9.25 Pid: 38732
 
New instance of bashtop version: 0.9.25 Pid: 635
 
New instance of bashtop version: 0.9.25 Pid: 7563
 
New instance of bashtop version: 0.9.25 Pid: 15804
 
New instance of bashtop version: 0.9.25 Pid: 922
 
New instance of bashtop version: 0.9.25 Pid: 5148
 
New instance of bashtop version: 0.9.25 Pid: 24550
 
New instance of bashtop version: 0.9.25 Pid: 53746
 
New instance of bashtop version: 0.9.25 Pid: 55696
error: process ID out of range

Usage:
 ps [options]

 Try 'ps --help <simple|list|output|threads|misc|all>'
  or 'ps --help <s|l|o|t|m|a>'
 for additional help text.

For more details see ps(1).
10:00:19 PM ERROR: On line 2457 
 
New instance of bashtop version: 0.9.25 Pid: 2625
 
New instance of bashtop version: 0.9.25 Pid: 5124
 
New instance of bashtop version: 0.9.25 Pid: 6616
